Feb 10, 2026 12:53:06 PM Problem5 main
INFO: File read successfully
Feb 10, 2026 12:53:06 PM Problem5 main
INFO: Duplicate entries removed
Feb 10, 2026 12:53:06 PM Problem5 main
INFO: ID Validated: 4
Feb 10, 2026 12:53:06 PM Problem5 main
INFO: Name Validated: John
Feb 10, 2026 12:53:06 PM Problem5 main
INFO: Age Validated: 25
Feb 10, 2026 12:53:06 PM Problem5 main
INFO: ID Validated: 2
Feb 10, 2026 12:53:06 PM Problem5 main
INFO: Name Validated: Ravi
Feb 10, 2026 12:53:06 PM Problem5 main
WARNING: Invalid record: 2,Ravi,17 | Reason: Age must be 18 or above
Feb 10, 2026 12:53:06 PM Problem5 main
INFO: ID Validated: 1
Feb 10, 2026 12:53:06 PM Problem5 main
INFO: Name Validated: Ram
Feb 10, 2026 12:53:06 PM Problem5 main
INFO: Age Validated: 22
Feb 10, 2026 12:53:06 PM Problem5 main
INFO: ID Validated: 3
Feb 10, 2026 12:53:06 PM Problem5 main
INFO: Name Validated: Raju
Feb 10, 2026 12:53:06 PM Problem5 main
INFO: Age Validated: 22
Feb 10, 2026 12:53:06 PM Problem5 main
INFO: Valid records written.
Feb 10, 2026 12:53:06 PM Problem5 main
INFO: Invalid records written.
Feb 10, 2026 12:53:06 PM Problem5 main
INFO: Processing completed.
